Начало парсера 2024-05-30 14:33:38.248745
https://deliherb.ru/catalog/tovary-dlya-detej?page=1
https://deliherb.ru/catalog/sredstva-dlya-vanny-i-gigieny?page=1
https://deliherb.ru/catalog/zootovary?page=1
Начало парсера 2024-05-30 14:53:22.658877
https://deliherb.ru/catalog/sostoyaniya-zdorovya?page=1
https://deliherb.ru/catalog/pischevye-dobavki?page=1
https://deliherb.ru/catalog/zootovary?page=1
https://deliherb.ru/catalog/sport?page=1
https://deliherb.ru/catalog/travy-i-naturalnye-sredstva?page=1
https://deliherb.ru/catalog/produkty-pitaniya?page=1
https://deliherb.ru/catalog/sredstva-dlya-vanny-i-gigieny?page=1
https://deliherb.ru/catalog/tovary-dlya-detej?page=1
Начало парсера 2024-05-30 15:03:36.023921
https://deliherb.ru/catalog/tovary-dlya-detej?page=1
https://deliherb.ru/catalog/pischevye-dobavki?page=1
https://deliherb.ru/catalog/sport?page=1
https://deliherb.ru/catalog/produkty-pitaniya?page=1
https://deliherb.ru/catalog/zootovary?page=1
https://deliherb.ru/catalog/sostoyaniya-zdorovya?page=1
https://deliherb.ru/catalog/sredstva-dlya-vanny-i-gigieny?page=1
https://deliherb.ru/catalog/travy-i-naturalnye-sredstva?page=1
Ошибочная ссылка
23 товаров на странице 1
Ошибочная ссылка
23 товаров на странице 1
24 товаров на странице 1
24 товаров на странице 1
Ошибочная ссылка
23 товаров на странице 1
24 товаров на странице 1
24 товаров на странице 1
https://deliherb.ru/catalog/tovary-dlya-detej?page=2
https://deliherb.ru/catalog/pischevye-dobavki?page=2
https://deliherb.ru/catalog/sport?page=2
https://deliherb.ru/catalog/produkty-pitaniya?page=2
24 товаров на странице 1
https://deliherb.ru/catalog/sostoyaniya-zdorovya?page=2
https://deliherb.ru/catalog/sredstva-dlya-vanny-i-gigieny?page=2
Больше нет страниц по ссылке https://deliherb.ru/catalog/sredstva-dlya-vanny-i-gigieny
24 товаров на странице 2
https://deliherb.ru/catalog/zootovary?page=2
https://deliherb.ru/catalog/tovary-dlya-doma?page=1
https://deliherb.ru/catalog/travy-i-naturalnye-sredstva?page=2
Ошибочная ссылка
23 товаров на странице 2
24 товаров на странице 2
Ошибочная ссылка
23 товаров на странице 2
Ошибочная ссылка
23 товаров на странице 2
https://deliherb.ru/catalog/tovary-dlya-detej?page=3
https://deliherb.ru/catalog/pischevye-dobavki?page=3
https://deliherb.ru/catalog/produkty-pitaniya?page=3
Ошибочная ссылка
Ошибочная ссылка
Ошибочная ссылка
Ошибочная ссылка
20 товаров на странице 2
24 товаров на странице 1
24 товаров на странице 2
Ошибочная ссылка
23 товаров на странице 3
Ошибочная ссылка
23 товаров на странице 3
https://deliherb.ru/catalog/travy-i-naturalnye-sredstva?page=3
24 товаров на странице 3
https://deliherb.ru/catalog/tovary-dlya-doma?page=2
https://deliherb.ru/catalog/sport?page=3
https://deliherb.ru/catalog/tovary-dlya-detej?page=4
https://deliherb.ru/catalog/sostoyaniya-zdorovya?page=3
https://deliherb.ru/catalog/zootovary?page=3
https://deliherb.ru/catalog/pischevye-dobavki?page=4
24 товаров на странице 3
24 товаров на странице 3
https://deliherb.ru/catalog/produkty-pitaniya?page=4
24 товаров на странице 2
24 товаров на странице 3
Ошибочная ссылка
23 товаров на странице 4
Ошибочная ссылка
23 товаров на странице 3
https://deliherb.ru/catalog/travy-i-naturalnye-sredstva?page=4
https://deliherb.ru/catalog/tovary-dlya-doma?page=3
24 товаров на странице 4
Ошибочная ссылка
23 товаров на странице 4
https://deliherb.ru/catalog/sport?page=4
https://deliherb.ru/catalog/pischevye-dobavki?page=5
https://deliherb.ru/catalog/zootovary?page=4
https://deliherb.ru/catalog/sostoyaniya-zdorovya?page=4
24 товаров на странице 4
24 товаров на странице 3
https://deliherb.ru/catalog/tovary-dlya-detej?page=5
https://deliherb.ru/catalog/travy-i-naturalnye-sredstva?page=5
Ошибочная ссылка
23 товаров на странице 4
https://deliherb.ru/catalog/produkty-pitaniya?page=5
Ошибочная ссылка
23 товаров на странице 4
Ошибочная ссылка
23 товаров на странице 5
https://deliherb.ru/catalog/zootovary?page=5
https://deliherb.ru/catalog/tovary-dlya-doma?page=4
Ошибочная ссылка
23 товаров на странице 4
Ошибочная ссылка
Ошибочная ссылка
Ошибочная ссылка
Ошибочная ссылка
Ошибочная ссылка
Ошибочная ссылка
18 товаров на странице 5
https://deliherb.ru/catalog/pischevye-dobavki?page=6
https://deliherb.ru/catalog/sostoyaniya-zdorovya?page=5
Ошибочная ссылка
Ошибочная ссылка
Ошибочная ссылка
Ошибочная ссылка
20 товаров на странице 5
https://deliherb.ru/catalog/sport?page=5
Ошибочная ссылка
Ошибочная ссылка
Ошибочная ссылка
Ошибочная ссылка
Ошибочная ссылка
19 товаров на странице 5
Ошибочная ссылка
Ошибочная ссылка
22 товаров на странице 5
Ошибочная ссылка
Ошибочная ссылка
22 товаров на странице 4
https://deliherb.ru/catalog/tovary-dlya-detej?page=6
24 товаров на странице 5
24 товаров на странице 6
https://deliherb.ru/catalog/zootovary?page=6
24 товаров на странице 5
https://deliherb.ru/catalog/travy-i-naturalnye-sredstva?page=6
https://deliherb.ru/catalog/produkty-pitaniya?page=6
https://deliherb.ru/catalog/sostoyaniya-zdorovya?page=6
https://deliherb.ru/catalog/pischevye-dobavki?page=7
https://deliherb.ru/catalog/tovary-dlya-doma?page=5
Ошибочная ссылка
23 товаров на странице 6
Ошибочная ссылка
23 товаров на странице 6
https://deliherb.ru/catalog/sport?page=6
24 товаров на странице 6
Ошибочная ссылка
Ошибочная ссылка
22 товаров на странице 5
24 товаров на странице 6
24 товаров на странице 7
https://deliherb.ru/catalog/tovary-dlya-detej?page=7
https://deliherb.ru/catalog/zootovary?page=7
24 товаров на странице 6
https://deliherb.ru/catalog/produkty-pitaniya?page=7
24 товаров на странице 6
https://deliherb.ru/catalog/travy-i-naturalnye-sredstva?page=7
https://deliherb.ru/catalog/tovary-dlya-doma?page=6
https://deliherb.ru/catalog/pischevye-dobavki?page=8
https://deliherb.ru/catalog/sostoyaniya-zdorovya?page=7
Ошибочная ссылка
23 товаров на странице 7
24 товаров на странице 7
24 товаров на странице 7
https://deliherb.ru/catalog/sport?page=7
https://deliherb.ru/catalog/zootovary?page=8
24 товаров на странице 6
https://deliherb.ru/catalog/produkty-pitaniya?page=8
Ошибочная ссылка
Ошибочная ссылка
22 товаров на странице 7
Ошибочная ссылка
23 товаров на странице 7
Ошибочная ссылка
23 товаров на странице 8
https://deliherb.ru/catalog/tovary-dlya-doma?page=7
https://deliherb.ru/catalog/tovary-dlya-detej?page=8
24 товаров на странице 7
https://deliherb.ru/catalog/sostoyaniya-zdorovya?page=8
Начало парсера 2024-05-30 16:05:11.413044
https://deliherb.ru/catalog/produkty-pitaniya?page=1
https://deliherb.ru/catalog/sport?page=1
https://deliherb.ru/catalog/sredstva-dlya-vanny-i-gigieny?page=1
https://deliherb.ru/catalog/tovary-dlya-detej?page=1
https://deliherb.ru/catalog/travy-i-naturalnye-sredstva?page=1
https://deliherb.ru/catalog/pischevye-dobavki?page=1
24 товаров на странице 1
https://deliherb.ru/catalog/zootovary?page=1
24 товаров на странице 1
24 товаров на странице 1
https://deliherb.ru/catalog/sostoyaniya-zdorovya?page=1
24 товаров на странице 1
Ошибочная ссылка
23 товаров на странице 1
24 товаров на странице 1
https://deliherb.ru/catalog/sport?page=2
Ошибочная ссылка
23 товаров на странице 1
https://deliherb.ru/catalog/sredstva-dlya-vanny-i-gigieny?page=2
24 товаров на странице 1
https://deliherb.ru/catalog/produkty-pitaniya?page=2
https://deliherb.ru/catalog/zootovary?page=2
24 товаров на странице 2
https://deliherb.ru/catalog/tovary-dlya-detej?page=2
Ошибочная ссылка
23 товаров на странице 2
https://deliherb.ru/catalog/pischevye-dobavki?page=2
https://deliherb.ru/catalog/travy-i-naturalnye-sredstva?page=2
24 товаров на странице 2
https://deliherb.ru/catalog/sostoyaniya-zdorovya?page=2
Ошибочная ссылка
Ошибочная ссылка
22 товаров на странице 2
24 товаров на странице 2
https://deliherb.ru/catalog/sredstva-dlya-vanny-i-gigieny?page=3
Ошибочная ссылка
23 товаров на странице 2
Ошибочная ссылка
Ошибочная ссылка
22 товаров на странице 2
24 товаров на странице 2
https://deliherb.ru/catalog/zootovary?page=3
24 товаров на странице 3
https://deliherb.ru/catalog/sport?page=3
https://deliherb.ru/catalog/produkty-pitaniya?page=3
24 товаров на странице 3
https://deliherb.ru/catalog/sredstva-dlya-vanny-i-gigieny?page=4
https://deliherb.ru/catalog/sostoyaniya-zdorovya?page=3
https://deliherb.ru/catalog/pischevye-dobavki?page=3
Ошибочная ссылка
23 товаров на странице 3
24 товаров на странице 3
https://deliherb.ru/catalog/travy-i-naturalnye-sredstva?page=3
https://deliherb.ru/catalog/tovary-dlya-detej?page=3
24 товаров на странице 4
Ошибочная ссылка
23 товаров на странице 3
https://deliherb.ru/catalog/zootovary?page=4
https://deliherb.ru/catalog/sport?page=4
24 товаров на странице 3
Ошибочная ссылка
23 товаров на странице 3
24 товаров на странице 3
https://deliherb.ru/catalog/sostoyaniya-zdorovya?page=4
24 товаров на странице 4
Ошибочная ссылка
Ошибочная ссылка
22 товаров на странице 4
https://deliherb.ru/catalog/produkty-pitaniya?page=4
https://deliherb.ru/catalog/tovary-dlya-detej?page=4
https://deliherb.ru/catalog/sredstva-dlya-vanny-i-gigieny?page=5
https://deliherb.ru/catalog/pischevye-dobavki?page=4
24 товаров на странице 4
https://deliherb.ru/catalog/sport?page=5
https://deliherb.ru/catalog/travy-i-naturalnye-sredstva?page=4
24 товаров на странице 5
24 товаров на странице 4
24 товаров на странице 4
Ошибочная ссылка
Ошибочная ссылка
22 товаров на странице 4
Ошибочная ссылка
23 товаров на странице 5
https://deliherb.ru/catalog/sredstva-dlya-vanny-i-gigieny?page=6
Ошибочная ссылка
23 товаров на странице 4
https://deliherb.ru/catalog/tovary-dlya-detej?page=5
https://deliherb.ru/catalog/zootovary?page=5
24 товаров на странице 6
https://deliherb.ru/catalog/sostoyaniya-zdorovya?page=5
https://deliherb.ru/catalog/travy-i-naturalnye-sredstva?page=5
https://deliherb.ru/catalog/produkty-pitaniya?page=5
Ошибочная ссылка
23 товаров на странице 5
24 товаров на странице 5
24 товаров на странице 5
https://deliherb.ru/catalog/sredstva-dlya-vanny-i-gigieny?page=7
Ошибочная ссылка
23 товаров на странице 5
https://deliherb.ru/catalog/pischevye-dobavki?page=5
https://deliherb.ru/catalog/sport?page=6
24 товаров на странице 5
24 товаров на странице 7
https://deliherb.ru/catalog/tovary-dlya-detej?page=6
Ошибочная ссылка
23 товаров на странице 6
https://deliherb.ru/catalog/sostoyaniya-zdorovya?page=6
24 товаров на странице 5
https://deliherb.ru/catalog/travy-i-naturalnye-sredstva?page=6
https://deliherb.ru/catalog/zootovary?page=6
https://deliherb.ru/catalog/produkty-pitaniya?page=6
24 товаров на странице 6
24 товаров на странице 6
https://deliherb.ru/catalog/sredstva-dlya-vanny-i-gigieny?page=8
https://deliherb.ru/catalog/sport?page=7
Ошибочная ссылка
23 товаров на странице 6
24 товаров на странице 6
Ошибочная ссылка
23 товаров на странице 6
https://deliherb.ru/catalog/pischevye-dobavki?page=6
https://deliherb.ru/catalog/tovary-dlya-detej?page=7
24 товаров на странице 7
24 товаров на странице 8
24 товаров на странице 6
24 товаров на странице 7
https://deliherb.ru/catalog/zootovary?page=7
https://deliherb.ru/catalog/sostoyaniya-zdorovya?page=7
https://deliherb.ru/catalog/produkty-pitaniya?page=7
https://deliherb.ru/catalog/travy-i-naturalnye-sredstva?page=7
https://deliherb.ru/catalog/sport?page=8
https://deliherb.ru/catalog/pischevye-dobavki?page=7
24 товаров на странице 7
https://deliherb.ru/catalog/sredstva-dlya-vanny-i-gigieny?page=9
Ошибочная ссылка
23 товаров на странице 7
24 товаров на странице 7
https://deliherb.ru/catalog/tovary-dlya-detej?page=8
24 товаров на странице 7
https://deliherb.ru/catalog/zootovary?page=8
24 товаров на странице 8
24 товаров на странице 7
Ошибочная ссылка
23 товаров на странице 9
24 товаров на странице 8
Ошибочная ссылка
23 товаров на странице 8
https://deliherb.ru/catalog/travy-i-naturalnye-sredstva?page=8
https://deliherb.ru/catalog/pischevye-dobavki?page=8
https://deliherb.ru/catalog/produkty-pitaniya?page=8
https://deliherb.ru/catalog/sredstva-dlya-vanny-i-gigieny?page=10
https://deliherb.ru/catalog/sostoyaniya-zdorovya?page=8
https://deliherb.ru/catalog/tovary-dlya-detej?page=9
https://deliherb.ru/catalog/sport?page=9
24 товаров на странице 8
24 товаров на странице 8
24 товаров на странице 8
Ошибочная ссылка
23 товаров на странице 8
Ошибочная ссылка
23 товаров на странице 10
24 товаров на странице 9
24 товаров на странице 9
https://deliherb.ru/catalog/produkty-pitaniya?page=9
https://deliherb.ru/catalog/travy-i-naturalnye-sredstva?page=9
https://deliherb.ru/catalog/zootovary?page=9
https://deliherb.ru/catalog/sredstva-dlya-vanny-i-gigieny?page=11
https://deliherb.ru/catalog/sport?page=10
24 товаров на странице 9
https://deliherb.ru/catalog/pischevye-dobavki?page=9
https://deliherb.ru/catalog/sostoyaniya-zdorovya?page=9
https://deliherb.ru/catalog/tovary-dlya-detej?page=10
24 товаров на странице 9
24 товаров на странице 9
24 товаров на странице 11
Видимо, умер прокси...
Ошибочная ссылка
22 товаров на странице 10
24 товаров на странице 9
Ошибочная ссылка
23 товаров на странице 9
https://deliherb.ru/catalog/zootovary?page=10
https://deliherb.ru/catalog/produkty-pitaniya?page=10
Ошибочная ссылка
Ошибочная ссылка
22 товаров на странице 10
https://deliherb.ru/catalog/sredstva-dlya-vanny-i-gigieny?page=12
https://deliherb.ru/catalog/tovary-dlya-detej?page=11
https://deliherb.ru/catalog/sostoyaniya-zdorovya?page=10
Ошибочная ссылка
23 товаров на странице 10
24 товаров на странице 10
https://deliherb.ru/catalog/sport?page=11
https://deliherb.ru/catalog/travy-i-naturalnye-sredstva?page=10
24 товаров на странице 12
24 товаров на странице 11
https://deliherb.ru/catalog/produkty-pitaniya?page=11
24 товаров на странице 10
https://deliherb.ru/catalog/zootovary?page=11
24 товаров на странице 11
24 товаров на странице 10
https://deliherb.ru/catalog/pischevye-dobavki?page=10
https://deliherb.ru/catalog/tovary-dlya-detej?page=12
24 товаров на странице 11
Ошибочная ссылка
Ошибочная ссылка
Видимо, умер прокси...
Ошибочная ссылка
20 товаров на странице 11
https://deliherb.ru/catalog/sostoyaniya-zdorovya?page=11
24 товаров на странице 12
Ошибочная ссылка
23 товаров на странице 10
https://deliherb.ru/catalog/sredstva-dlya-vanny-i-gigieny?page=13
https://deliherb.ru/catalog/travy-i-naturalnye-sredstva?page=11
https://deliherb.ru/catalog/sport?page=12
https://deliherb.ru/catalog/zootovary?page=12
24 товаров на странице 11
24 товаров на странице 13
Ошибочная ссылка
23 товаров на странице 11
https://deliherb.ru/catalog/produkty-pitaniya?page=12
Видимо, умер прокси...
23 товаров на странице 12
Ошибочная ссылка
23 товаров на странице 12
https://deliherb.ru/catalog/tovary-dlya-detej?page=13
https://deliherb.ru/catalog/travy-i-naturalnye-sredstva?page=12
https://deliherb.ru/catalog/pischevye-dobavki?page=11
https://deliherb.ru/catalog/sostoyaniya-zdorovya?page=12
Ошибочная ссылка
23 товаров на странице 12
24 товаров на странице 13
https://deliherb.ru/catalog/zootovary?page=13
https://deliherb.ru/catalog/sredstva-dlya-vanny-i-gigieny?page=14
24 товаров на странице 12
Ошибочная ссылка
Ошибочная ссылка
22 товаров на странице 11
https://deliherb.ru/catalog/sport?page=13
Ошибочная ссылка
Ошибочная ссылка
22 товаров на странице 12
https://deliherb.ru/catalog/tovary-dlya-detej?page=14
24 товаров на странице 13
https://deliherb.ru/catalog/produkty-pitaniya?page=13
24 товаров на странице 14
Ошибочная ссылка
23 товаров на странице 13
Ошибочная ссылка
23 товаров на странице 14
https://deliherb.ru/catalog/sostoyaniya-zdorovya?page=13
Ошибочная ссылка
23 товаров на странице 13
https://deliherb.ru/catalog/travy-i-naturalnye-sredstva?page=13
https://deliherb.ru/catalog/zootovary?page=14
https://deliherb.ru/catalog/sport?page=14
https://deliherb.ru/catalog/pischevye-dobavki?page=12
24 товаров на странице 13
https://deliherb.ru/catalog/tovary-dlya-detej?page=15
https://deliherb.ru/catalog/produkty-pitaniya?page=14
24 товаров на странице 13
https://deliherb.ru/catalog/sredstva-dlya-vanny-i-gigieny?page=15
24 товаров на странице 14
Ошибочная ссылка
23 товаров на странице 12
Ошибочная ссылка
Ошибочная ссылка
22 товаров на странице 14
24 товаров на странице 15
24 товаров на странице 14
https://deliherb.ru/catalog/sostoyaniya-zdorovya?page=14
https://deliherb.ru/catalog/travy-i-naturalnye-sredstva?page=14
24 товаров на странице 15
https://deliherb.ru/catalog/zootovary?page=15
24 товаров на странице 14
https://deliherb.ru/catalog/pischevye-dobavki?page=13
24 товаров на странице 14
Видимо, умер прокси...
23 товаров на странице 15
https://deliherb.ru/catalog/sport?page=15
https://deliherb.ru/catalog/tovary-dlya-detej?page=16
https://deliherb.ru/catalog/sredstva-dlya-vanny-i-gigieny?page=16
Ошибочная ссылка
23 товаров на странице 13
https://deliherb.ru/catalog/produkty-pitaniya?page=15
24 товаров на странице 15
24 товаров на странице 16
24 товаров на странице 16
https://deliherb.ru/catalog/zootovary?page=16
https://deliherb.ru/catalog/pischevye-dobavki?page=14
https://deliherb.ru/catalog/travy-i-naturalnye-sredstva?page=15
https://deliherb.ru/catalog/sostoyaniya-zdorovya?page=15
24 товаров на странице 15
https://deliherb.ru/catalog/sredstva-dlya-vanny-i-gigieny?page=17
Ошибочная ссылка
23 товаров на странице 16
24 товаров на странице 14
https://deliherb.ru/catalog/sport?page=16
24 товаров на странице 15
24 товаров на странице 15
https://deliherb.ru/catalog/produkty-pitaniya?page=16
https://deliherb.ru/catalog/tovary-dlya-detej?page=17
24 товаров на странице 17
https://deliherb.ru/catalog/pischevye-dobavki?page=15
24 товаров на странице 16
24 товаров на странице 16
https://deliherb.ru/catalog/zootovary?page=17
Ошибочная ссылка
23 товаров на странице 17
Ошибочная ссылка
Ошибочная ссылка
Ошибочная ссылка
Ошибочная ссылка
Ошибочная ссылка
19 товаров на странице 15
Ошибочная ссылка
Ошибочная ссылка
Ошибочная ссылка
Ошибочная ссылка
Ошибочная ссылка
Ошибочная ссылка
Ошибочная ссылка
Ошибочная ссылка
Ошибочная ссылка
Ошибочная ссылка
Ошибочная ссылка
Ошибочная ссылка
Ошибочная ссылка
Ошибочная ссылка
Ошибочная ссылка
9 товаров на странице 17
https://deliherb.ru/catalog/sport?page=17
https://deliherb.ru/catalog/sostoyaniya-zdorovya?page=16
https://deliherb.ru/catalog/travy-i-naturalnye-sredstva?page=16
https://deliherb.ru/catalog/pischevye-dobavki?page=16
https://deliherb.ru/catalog/sredstva-dlya-vanny-i-gigieny?page=18
https://deliherb.ru/catalog/tovary-dlya-detej?page=18
https://deliherb.ru/catalog/produkty-pitaniya?page=17
Ошибочная ссылка
Ошибочная ссылка
22 товаров на странице 17
24 товаров на странице 16
Ошибочная ссылка
23 товаров на странице 16
24 товаров на странице 16
24 товаров на странице 18
Ошибочная ссылка
23 товаров на странице 18
https://deliherb.ru/catalog/zootovary?page=18
24 товаров на странице 17
https://deliherb.ru/catalog/travy-i-naturalnye-sredstva?page=17
https://deliherb.ru/catalog/sport?page=18
24 товаров на странице 18
https://deliherb.ru/catalog/tovary-dlya-detej?page=19
https://deliherb.ru/catalog/sostoyaniya-zdorovya?page=17
https://deliherb.ru/catalog/sredstva-dlya-vanny-i-gigieny?page=19
https://deliherb.ru/catalog/produkty-pitaniya?page=18
24 товаров на странице 17
24 товаров на странице 18
Ошибочная ссылка
23 товаров на странице 19
24 товаров на странице 17
https://deliherb.ru/catalog/pischevye-dobavki?page=17
Ошибочная ссылка
Ошибочная ссылка
Ошибочная ссылка
21 товаров на странице 19
https://deliherb.ru/catalog/zootovary?page=19
24 товаров на странице 18
https://deliherb.ru/catalog/sport?page=19
https://deliherb.ru/catalog/travy-i-naturalnye-sredstva?page=18
24 товаров на странице 19
24 товаров на странице 17
https://deliherb.ru/catalog/produkty-pitaniya?page=19
24 товаров на странице 19
https://deliherb.ru/catalog/sostoyaniya-zdorovya?page=18
24 товаров на странице 18
https://deliherb.ru/catalog/sredstva-dlya-vanny-i-gigieny?page=20
Ошибочная ссылка
Ошибочная ссылка
22 товаров на странице 19
https://deliherb.ru/catalog/tovary-dlya-detej?page=20
https://deliherb.ru/catalog/sport?page=20
https://deliherb.ru/catalog/zootovary?page=20
24 товаров на странице 18
24 товаров на странице 20
https://deliherb.ru/catalog/pischevye-dobavki?page=18
Ошибочная ссылка
23 товаров на странице 20
24 товаров на странице 20
Ошибочная ссылка
Ошибочная ссылка
22 товаров на странице 20
https://deliherb.ru/catalog/zootovary?page=21
https://deliherb.ru/catalog/produkty-pitaniya?page=20
https://deliherb.ru/catalog/sostoyaniya-zdorovya?page=19
https://deliherb.ru/catalog/travy-i-naturalnye-sredstva?page=19
https://deliherb.ru/catalog/sport?page=21
24 товаров на странице 18
https://deliherb.ru/catalog/sredstva-dlya-vanny-i-gigieny?page=21
Ошибочная ссылка
23 товаров на странице 20
Видимо, умер прокси...
Видимо, умер прокси...
Видимо, умер прокси...
21 товаров на странице 21
Ошибочная ссылка
23 товаров на странице 19
https://deliherb.ru/catalog/tovary-dlya-detej?page=21
24 товаров на странице 21
24 товаров на странице 19
Ошибочная ссылка
Ошибочная ссылка
22 товаров на странице 21
Ошибочная ссылка
23 товаров на странице 21
https://deliherb.ru/catalog/pischevye-dobavki?page=19
https://deliherb.ru/catalog/zootovary?page=22
https://deliherb.ru/catalog/sostoyaniya-zdorovya?page=20
https://deliherb.ru/catalog/produkty-pitaniya?page=21
https://deliherb.ru/catalog/sport?page=22
https://deliherb.ru/catalog/travy-i-naturalnye-sredstva?page=20
https://deliherb.ru/catalog/sredstva-dlya-vanny-i-gigieny?page=22
Ошибочная ссылка
23 товаров на странице 22
24 товаров на странице 19
24 товаров на странице 20
24 товаров на странице 21
https://deliherb.ru/catalog/tovary-dlya-detej?page=22
24 товаров на странице 22
24 товаров на странице 20
https://deliherb.ru/catalog/zootovary?page=23
Ошибочная ссылка
23 товаров на странице 22
https://deliherb.ru/catalog/sostoyaniya-zdorovya?page=21
Ошибочная ссылка
Видимо, умер прокси...
22 товаров на странице 23
Ошибочная ссылка
23 товаров на странице 22
https://deliherb.ru/catalog/pischevye-dobavki?page=20
https://deliherb.ru/catalog/travy-i-naturalnye-sredstva?page=21
https://deliherb.ru/catalog/sredstva-dlya-vanny-i-gigieny?page=23
24 товаров на странице 21
https://deliherb.ru/catalog/produkty-pitaniya?page=22
24 товаров на странице 20
https://deliherb.ru/catalog/sport?page=23
24 товаров на странице 21
https://deliherb.ru/catalog/sostoyaniya-zdorovya?page=22
24 товаров на странице 23
24 товаров на странице 22
https://deliherb.ru/catalog/zootovary?page=24
https://deliherb.ru/catalog/tovary-dlya-detej?page=23
24 товаров на странице 23
24 товаров на странице 22
https://deliherb.ru/catalog/pischevye-dobavki?page=21
24 товаров на странице 23
https://deliherb.ru/catalog/produkty-pitaniya?page=23
Больше нет страниц по ссылке https://deliherb.ru/catalog/produkty-pitaniya
Видимо, умер прокси...
23 товаров на странице 24
https://deliherb.ru/catalog/sredstva-dlya-vanny-i-gigieny?page=24
https://deliherb.ru/catalog/travy-i-naturalnye-sredstva?page=22
https://deliherb.ru/catalog/sostoyaniya-zdorovya?page=23
https://deliherb.ru/catalog/sport?page=24
24 товаров на странице 21
https://deliherb.ru/catalog/tovary-dlya-doma?page=1
Ошибочная ссылка
23 товаров на странице 24
Ошибочная ссылка
Ошибочная ссылка
Ошибочная ссылка
21 товаров на странице 22
Ошибочная ссылка
Ошибочная ссылка
Ошибочная ссылка
Ошибочная ссылка
Ошибочная ссылка
19 товаров на странице 23
Ошибочная ссылка
Ошибочная ссылка
Ошибочная ссылка
Ошибочная ссылка
Видимо, умер прокси...
Ошибочная ссылка
Ошибочная ссылка
Ошибочная ссылка
Ошибочная ссылка
Ошибочная ссылка
14 товаров на странице 24
Ошибочная ссылка
Ошибочная ссылка
Ошибочная ссылка
Ошибочная ссылка
Ошибочная ссылка
Ошибочная ссылка
Ошибочная ссылка
17 товаров на странице 1
https://deliherb.ru/catalog/zootovary?page=25
https://deliherb.ru/catalog/tovary-dlya-detej?page=24
https://deliherb.ru/catalog/pischevye-dobavki?page=22
Видимо, умер прокси...
23 товаров на странице 25
24 товаров на странице 24
https://deliherb.ru/catalog/sredstva-dlya-vanny-i-gigieny?page=25
24 товаров на странице 22
https://deliherb.ru/catalog/travy-i-naturalnye-sredstva?page=23
https://deliherb.ru/catalog/sport?page=25
https://deliherb.ru/catalog/sostoyaniya-zdorovya?page=24
https://deliherb.ru/catalog/tovary-dlya-doma?page=2
https://deliherb.ru/catalog/tovary-dlya-detej?page=25
24 товаров на странице 25
24 товаров на странице 23
24 товаров на странице 25
24 товаров на странице 24
24 товаров на странице 2
https://deliherb.ru/catalog/zootovary?page=26
Ошибочная ссылка
23 товаров на странице 25
https://deliherb.ru/catalog/pischevye-dobavki?page=23
https://deliherb.ru/catalog/sostoyaniya-zdorovya?page=25
https://deliherb.ru/catalog/sport?page=26
https://deliherb.ru/catalog/tovary-dlya-doma?page=3
https://deliherb.ru/catalog/sredstva-dlya-vanny-i-gigieny?page=26
24 товаров на странице 26
https://deliherb.ru/catalog/travy-i-naturalnye-sredstva?page=24
Ошибочная ссылка
23 товаров на странице 23
24 товаров на странице 26
24 товаров на странице 25
https://deliherb.ru/catalog/tovary-dlya-detej?page=26
Ошибочная ссылка
23 товаров на странице 26
24 товаров на странице 3
24 товаров на странице 24
https://deliherb.ru/catalog/sostoyaniya-zdorovya?page=26
https://deliherb.ru/catalog/tovary-dlya-doma?page=4
24 товаров на странице 26
https://deliherb.ru/catalog/zootovary?page=27
https://deliherb.ru/catalog/sport?page=27
24 товаров на странице 26
https://deliherb.ru/catalog/sredstva-dlya-vanny-i-gigieny?page=27
Ошибочная ссылка
Ошибочная ссылка
22 товаров на странице 4
https://deliherb.ru/catalog/pischevye-dobavki?page=24
24 товаров на странице 27
24 товаров на странице 27
https://deliherb.ru/catalog/travy-i-naturalnye-sredstva?page=25
Ошибочная ссылка
23 товаров на странице 27
https://deliherb.ru/catalog/tovary-dlya-doma?page=5
Ошибочная ссылка
23 товаров на странице 24
https://deliherb.ru/catalog/tovary-dlya-detej?page=27
Ошибочная ссылка
Ошибочная ссылка
Ошибочная ссылка
Ошибочная ссылка
Ошибочная ссылка
Ошибочная ссылка
Ошибочная ссылка
Ошибочная ссылка
Ошибочная ссылка
Ошибочная ссылка
Ошибочная ссылка
13 товаров на странице 5
Ошибочная ссылка
Ошибочная ссылка
Ошибочная ссылка
Ошибочная ссылка
Ошибочная ссылка
Ошибочная ссылка
Ошибочная ссылка
Ошибочная ссылка
Ошибочная ссылка
Ошибочная ссылка
Ошибочная ссылка
Ошибочная ссылка
Ошибочная ссылка
11 товаров на странице 25
https://deliherb.ru/catalog/sredstva-dlya-vanny-i-gigieny?page=28
https://deliherb.ru/catalog/sostoyaniya-zdorovya?page=27
https://deliherb.ru/catalog/zootovary?page=28
https://deliherb.ru/catalog/sport?page=28
24 товаров на странице 27
24 товаров на странице 28
https://deliherb.ru/catalog/tovary-dlya-doma?page=6
Ошибочная ссылка
Ошибочная ссылка
22 товаров на странице 27
Ошибочная ссылка
Ошибочная ссылка
22 товаров на странице 28
24 товаров на странице 28
https://deliherb.ru/catalog/pischevye-dobavki?page=25
Больше нет страниц по ссылке https://deliherb.ru/catalog/pischevye-dobavki
24 товаров на странице 6
https://deliherb.ru/catalog/tovary-dlya-detej?page=28
https://deliherb.ru/catalog/sredstva-dlya-vanny-i-gigieny?page=29
https://deliherb.ru/catalog/travy-i-naturalnye-sredstva?page=26
Больше нет страниц по ссылке https://deliherb.ru/catalog/travy-i-naturalnye-sredstva
https://deliherb.ru/catalog/sport?page=29
Ошибочная ссылка
23 товаров на странице 28
Ошибочная ссылка
23 товаров на странице 29
https://deliherb.ru/catalog/zootovary?page=29
https://deliherb.ru/catalog/sostoyaniya-zdorovya?page=28
24 товаров на странице 29
https://deliherb.ru/catalog/sredstva-lichnoj-gigieny-2?page=1
Больше нет страниц по ссылке https://deliherb.ru/catalog/sredstva-lichnoj-gigieny-2
https://deliherb.ru/catalog/tovary-dlya-detej?page=29
https://deliherb.ru/catalog/tovary-dlya-doma?page=7
https://deliherb.ru/catalog/travy-2?page=1
Больше нет страниц по ссылке https://deliherb.ru/catalog/travy-2
Ошибочная ссылка
23 товаров на странице 29
24 товаров на странице 28
Ошибочная ссылка
23 товаров на странице 29
https://deliherb.ru/catalog/sport?page=30
https://deliherb.ru/catalog/sredstva-dlya-vanny-i-gigieny?page=30
https://deliherb.ru/catalog/krasota?page=1
Видимо, умер прокси...
23 товаров на странице 7
https://deliherb.ru/catalog/naturalnye-sredstva-2?page=1
Больше нет страниц по ссылке https://deliherb.ru/catalog/naturalnye-sredstva-2
https://deliherb.ru/catalog/tovary-dlya-detej?page=30
https://deliherb.ru/catalog/zootovary?page=30
Ошибочная ссылка
23 товаров на странице 30
Ошибочная ссылка
23 товаров на странице 30
Ошибочная ссылка
23 товаров на странице 1
https://deliherb.ru/catalog/sostoyaniya-zdorovya?page=29
https://deliherb.ru/catalog/kollektsii-tovarov?page=1
24 товаров на странице 30
24 товаров на странице 30
https://deliherb.ru/catalog/sport?page=31
https://deliherb.ru/catalog/tovary-dlya-doma?page=8
24 товаров на странице 29
Ошибочная ссылка
Ошибочная ссылка
22 товаров на странице 1
https://deliherb.ru/catalog/krasota?page=2
https://deliherb.ru/catalog/tovary-dlya-detej?page=31
https://deliherb.ru/catalog/zootovary?page=31
24 товаров на странице 31
https://deliherb.ru/catalog/sredstva-dlya-vanny-i-gigieny?page=31
24 товаров на странице 8
https://deliherb.ru/catalog/kollektsii-tovarov?page=2
24 товаров на странице 2
Ошибочная ссылка
23 товаров на странице 31
24 товаров на странице 31
Ошибочная ссылка
23 товаров на странице 31
https://deliherb.ru/catalog/sport?page=32
https://deliherb.ru/catalog/sostoyaniya-zdorovya?page=30
24 товаров на странице 2
https://deliherb.ru/catalog/zootovary?page=32
https://deliherb.ru/catalog/sredstva-dlya-vanny-i-gigieny?page=32
Ошибочная ссылка
Ошибочная ссылка
Ошибочная ссылка
21 товаров на странице 32
https://deliherb.ru/catalog/tovary-dlya-doma?page=9
24 товаров на странице 30
Видимо, умер прокси...
23 товаров на странице 32
https://deliherb.ru/catalog/tovary-dlya-detej?page=32
https://deliherb.ru/catalog/kollektsii-tovarov?page=3
24 товаров на странице 32
https://deliherb.ru/catalog/sport?page=33
https://deliherb.ru/catalog/krasota?page=3
Ошибочная ссылка
23 товаров на странице 9
24 товаров на странице 32
https://deliherb.ru/catalog/sostoyaniya-zdorovya?page=31
24 товаров на странице 3
https://deliherb.ru/catalog/zootovary?page=33
24 товаров на странице 33
Ошибочная ссылка
23 товаров на странице 3
24 товаров на странице 31
Видимо, умер прокси...
23 товаров на странице 33
https://deliherb.ru/catalog/sredstva-dlya-vanny-i-gigieny?page=33
https://deliherb.ru/catalog/krasota?page=4
https://deliherb.ru/catalog/tovary-dlya-doma?page=10
https://deliherb.ru/catalog/tovary-dlya-detej?page=33
https://deliherb.ru/catalog/zootovary?page=34
https://deliherb.ru/catalog/kollektsii-tovarov?page=4
24 товаров на странице 33
Ошибочная ссылка
23 товаров на странице 4
https://deliherb.ru/catalog/sport?page=34
Видимо, умер прокси...
Ошибочная ссылка
Ошибочная ссылка
6 товаров на странице 34
Ошибочная ссылка
Ошибочная ссылка
Ошибочная ссылка
21 товаров на странице 10
24 товаров на странице 33
https://deliherb.ru/catalog/sostoyaniya-zdorovya?page=32
Ошибочная ссылка
23 товаров на странице 4
https://deliherb.ru/catalog/krasota?page=5
https://deliherb.ru/catalog/sredstva-dlya-vanny-i-gigieny?page=34
Ошибочная ссылка
23 товаров на странице 34
https://deliherb.ru/catalog/tovary-dlya-detej?page=34
https://deliherb.ru/catalog/tovary-dlya-doma?page=11
Ошибочная ссылка
23 товаров на странице 32
24 товаров на странице 5
24 товаров на странице 34
https://deliherb.ru/catalog/zootovary?page=35
Больше нет страниц по ссылке https://deliherb.ru/catalog/zootovary
https://deliherb.ru/catalog/kollektsii-tovarov?page=5
https://deliherb.ru/catalog/sport?page=35
Ошибочная ссылка
Ошибочная ссылка
22 товаров на странице 34
24 товаров на странице 11
https://deliherb.ru/catalog/sostoyaniya-zdorovya?page=33
24 товаров на странице 5
Ошибочная ссылка
23 товаров на странице 35
https://deliherb.ru/catalog/krasota?page=6
https://deliherb.ru/catalog/sredstva-dlya-vanny-i-gigieny?page=35
https://deliherb.ru/catalog/tovary-dlya-doma?page=12
Ошибочная ссылка
23 товаров на странице 33
https://deliherb.ru/catalog/tovary-dlya-detej?page=35
24 товаров на странице 6
Ошибочная ссылка
23 товаров на странице 35
24 товаров на странице 12
https://deliherb.ru/catalog/kollektsii-tovarov?page=6
24 товаров на странице 35
https://deliherb.ru/catalog/sport?page=36
https://deliherb.ru/catalog/krasota?page=7
24 товаров на странице 6
https://deliherb.ru/catalog/sostoyaniya-zdorovya?page=34
https://deliherb.ru/catalog/tovary-dlya-doma?page=13
24 товаров на странице 36
24 товаров на странице 7
https://deliherb.ru/catalog/sredstva-dlya-vanny-i-gigieny?page=36
https://deliherb.ru/catalog/tovary-dlya-detej?page=36
https://deliherb.ru/catalog/kollektsii-tovarov?page=7
24 товаров на странице 34
Видимо, умер прокси...
23 товаров на странице 13
Ошибочная ссылка
23 товаров на странице 36
24 товаров на странице 36
24 товаров на странице 7
https://deliherb.ru/catalog/krasota?page=8
https://deliherb.ru/catalog/tovary-dlya-doma?page=14
https://deliherb.ru/catalog/tovary-dlya-detej?page=37
24 товаров на странице 8
https://deliherb.ru/catalog/sport?page=37
Видимо, умер прокси...
Видимо, умер прокси...
Видимо, умер прокси...
Видимо, умер прокси...
20 товаров на странице 14
https://deliherb.ru/catalog/sostoyaniya-zdorovya?page=35
https://deliherb.ru/catalog/sredstva-dlya-vanny-i-gigieny?page=37
Ошибочная ссылка
Ошибочная ссылка
22 товаров на странице 37
Ошибочная ссылка
23 товаров на странице 37
Ошибочная ссылка
23 товаров на странице 35
https://deliherb.ru/catalog/krasota?page=9
https://deliherb.ru/catalog/kollektsii-tovarov?page=8
Ошибочная ссылка
23 товаров на странице 37
https://deliherb.ru/catalog/tovary-dlya-detej?page=38
https://deliherb.ru/catalog/tovary-dlya-doma?page=15
24 товаров на странице 8
Видимо, умер прокси...
Ошибочная ссылка
Ошибочная ссылка
21 товаров на странице 9
24 товаров на странице 38
https://deliherb.ru/catalog/sport?page=38
https://deliherb.ru/catalog/sostoyaniya-zdorovya?page=36
https://deliherb.ru/catalog/kollektsii-tovarov?page=9
24 товаров на странице 15
https://deliherb.ru/catalog/sredstva-dlya-vanny-i-gigieny?page=38
Ошибочная ссылка
23 товаров на странице 38
24 товаров на странице 36
https://deliherb.ru/catalog/krasota?page=10
https://deliherb.ru/catalog/tovary-dlya-detej?page=39
24 товаров на странице 9
24 товаров на странице 38
https://deliherb.ru/catalog/sport?page=39
Видимо, умер прокси...
Ошибочная ссылка
Видимо, умер прокси...
Видимо, умер прокси...
Видимо, умер прокси...
Видимо, умер прокси...
Видимо, умер прокси...
Видимо, умер прокси...
Видимо, умер прокси...
Видимо, умер прокси...
14 товаров на странице 10
https://deliherb.ru/catalog/kollektsii-tovarov?page=10
24 товаров на странице 39
https://deliherb.ru/catalog/tovary-dlya-doma?page=16
https://deliherb.ru/catalog/sredstva-dlya-vanny-i-gigieny?page=39
Ошибочная ссылка
Ошибочная ссылка
22 товаров на странице 39
https://deliherb.ru/catalog/tovary-dlya-detej?page=40
24 товаров на странице 10
https://deliherb.ru/catalog/sostoyaniya-zdorovya?page=37
Видимо, умер прокси...
Ошибочная ссылка
Ошибочная ссылка
Видимо, умер прокси...
20 товаров на странице 16
https://deliherb.ru/catalog/krasota?page=11
24 товаров на странице 39
24 товаров на странице 40
https://deliherb.ru/catalog/sport?page=40
Видимо, умер прокси...
Видимо, умер прокси...
Ошибочная ссылка
Видимо, умер прокси...
Видимо, умер прокси...
Видимо, умер прокси...
Видимо, умер прокси...
Видимо, умер прокси...
16 товаров на странице 11
24 товаров на странице 37
https://deliherb.ru/catalog/sredstva-dlya-vanny-i-gigieny?page=40
https://deliherb.ru/catalog/tovary-dlya-detej?page=41
https://deliherb.ru/catalog/tovary-dlya-doma?page=17
Видимо, умер прокси...
23 товаров на странице 40
https://deliherb.ru/catalog/kollektsii-tovarov?page=11
https://deliherb.ru/catalog/krasota?page=12
Ошибочная ссылка
Ошибочная ссылка
22 товаров на странице 40
Ошибочная ссылка
23 товаров на странице 41
24 товаров на странице 17
Ошибочная ссылка
23 товаров на странице 11
Видимо, умер прокси...
Видимо, умер прокси...
Видимо, умер прокси...
Видимо, умер прокси...
Видимо, умер прокси...
Видимо, умер прокси...
Видимо, умер прокси...
Видимо, умер прокси...
Ошибочная ссылка
Видимо, умер прокси...
Видимо, умер прокси...
Видимо, умер прокси...
Видимо, умер прокси...
11 товаров на странице 12
https://deliherb.ru/catalog/sredstva-dlya-vanny-i-gigieny?page=41
https://deliherb.ru/catalog/sostoyaniya-zdorovya?page=38
https://deliherb.ru/catalog/sport?page=41
https://deliherb.ru/catalog/krasota?page=13
24 товаров на странице 41
https://deliherb.ru/catalog/tovary-dlya-detej?page=42
https://deliherb.ru/catalog/tovary-dlya-doma?page=18
24 товаров на странице 38
24 товаров на странице 41
https://deliherb.ru/catalog/kollektsii-tovarov?page=12
Ошибочная ссылка
Видимо, умер прокси...
Видимо, умер прокси...
Видимо, умер прокси...
Видимо, умер прокси...
Ошибочная ссылка
Видимо, умер прокси...
Видимо, умер прокси...
Ошибочная ссылка
Видимо, умер прокси...
Видимо, умер прокси...
Ошибочная ссылка
Видимо, умер прокси...
Видимо, умер прокси...
Ошибочная ссылка
Видимо, умер прокси...
Видимо, умер прокси...
Видимо, умер прокси...
6 товаров на странице 13
https://deliherb.ru/catalog/sredstva-dlya-vanny-i-gigieny?page=42
24 товаров на странице 42
Ошибочная ссылка
23 товаров на странице 18
https://deliherb.ru/catalog/sport?page=42
24 товаров на странице 12
https://deliherb.ru/catalog/krasota?page=14
24 товаров на странице 42
https://deliherb.ru/catalog/sostoyaniya-zdorovya?page=39
https://deliherb.ru/catalog/kollektsii-tovarov?page=13
Видимо, умер прокси...
Видимо, умер прокси...
Видимо, умер прокси...
Видимо, умер прокси...
Видимо, умер прокси...
Видимо, умер прокси...
Видимо, умер прокси...
Видимо, умер прокси...
Видимо, умер прокси...
Видимо, умер прокси...
Видимо, умер прокси...
Видимо, умер прокси...
Видимо, умер прокси...
Видимо, умер прокси...
Видимо, умер прокси...
Видимо, умер прокси...
Видимо, умер прокси...
Видимо, умер прокси...
Видимо, умер прокси...
5 товаров на странице 14
24 товаров на странице 42
https://deliherb.ru/catalog/tovary-dlya-detej?page=43
Ошибочная ссылка
23 товаров на странице 39
https://deliherb.ru/catalog/tovary-dlya-doma?page=19
24 товаров на странице 13
https://deliherb.ru/catalog/krasota?page=15
https://deliherb.ru/catalog/sport?page=43
Ошибочная ссылка
23 товаров на странице 43
https://deliherb.ru/catalog/sredstva-dlya-vanny-i-gigieny?page=43
Ошибочная ссылка
23 товаров на странице 19
Видимо, умер прокси...
Видимо, умер прокси...
Видимо, умер прокси...
Видимо, умер прокси...
Видимо, умер прокси...
Видимо, умер прокси...
Видимо, умер прокси...
Видимо, умер прокси...
Видимо, умер прокси...
Видимо, умер прокси...
Видимо, умер прокси...
Видимо, умер прокси...
Видимо, умер прокси...
Ошибочная ссылка
Видимо, умер прокси...
9 товаров на странице 15
Ошибочная ссылка
Ошибочная ссылка
22 товаров на странице 43
https://deliherb.ru/catalog/tovary-dlya-doma?page=20
Ошибочная ссылка
23 товаров на странице 43
https://deliherb.ru/catalog/sostoyaniya-zdorovya?page=40
Ошибочная ссылка
Видимо, умер прокси...
22 товаров на странице 20
https://deliherb.ru/catalog/kollektsii-tovarov?page=14
https://deliherb.ru/catalog/sport?page=44
https://deliherb.ru/catalog/tovary-dlya-detej?page=44
24 товаров на странице 40
https://deliherb.ru/catalog/krasota?page=16
https://deliherb.ru/catalog/sredstva-dlya-vanny-i-gigieny?page=44
Ошибочная ссылка
23 товаров на странице 14
Ошибочная ссылка
23 товаров на странице 44
Ошибочная ссылка
23 товаров на странице 44
Видимо, умер прокси...
Видимо, умер прокси...
Видимо, умер прокси...
Видимо, умер прокси...
Ошибочная ссылка
Ошибочная ссылка
Ошибочная ссылка
Ошибочная ссылка
Видимо, умер прокси...
Видимо, умер прокси...
Видимо, умер прокси...
Видимо, умер прокси...
Видимо, умер прокси...
Видимо, умер прокси...
Видимо, умер прокси...
Видимо, умер прокси...
8 товаров на странице 16
24 товаров на странице 44
https://deliherb.ru/catalog/kollektsii-tovarov?page=15
https://deliherb.ru/catalog/tovary-dlya-doma?page=21
https://deliherb.ru/catalog/sostoyaniya-zdorovya?page=41
24 товаров на странице 15
https://deliherb.ru/catalog/sport?page=45
Ошибочная ссылка
Ошибочная ссылка
Ошибочная ссылка
Ошибочная ссылка
Ошибочная ссылка
Ошибочная ссылка
Ошибочная ссылка
Ошибочная ссылка
Ошибочная ссылка
Ошибочная ссылка
Ошибочная ссылка
Ошибочная ссылка
Ошибочная ссылка
Ошибочная ссылка
Ошибочная ссылка
Ошибочная ссылка
Ошибочная ссылка
Ошибочная ссылка
Ошибочная ссылка
Ошибочная ссылка
Ошибочная ссылка
Ошибочная ссылка
Ошибочная ссылка
Ошибочная ссылка
0 товаров на странице 21
https://deliherb.ru/catalog/tovary-dlya-detej?page=45
https://deliherb.ru/catalog/sredstva-dlya-vanny-i-gigieny?page=45
24 товаров на странице 41
https://deliherb.ru/catalog/krasota?page=17
24 товаров на странице 45
https://deliherb.ru/catalog/tovary-dlya-doma?page=22
24 товаров на странице 45
Ошибочная ссылка
23 товаров на странице 45
https://deliherb.ru/catalog/kollektsii-tovarov?page=16
Ошибочная ссылка
Ошибочная ссылка
Ошибочная ссылка
Ошибочная ссылка
Ошибочная ссылка
Ошибочная ссылка
Ошибочная ссылка
Ошибочная ссылка
Ошибочная ссылка
Ошибочная ссылка
Ошибочная ссылка
13 товаров на странице 17
Ошибочная ссылка
Ошибочная ссылка
Ошибочная ссылка
Ошибочная ссылка
Ошибочная ссылка
Ошибочная ссылка
Ошибочная ссылка
Ошибочная ссылка
Ошибочная ссылка
Ошибочная ссылка
Ошибочная ссылка
Ошибочная ссылка
Ошибочная ссылка
Ошибочная ссылка
Ошибочная ссылка
Ошибочная ссылка
Ошибочная ссылка
Ошибочная ссылка
Ошибочная ссылка
Ошибочная ссылка
Ошибочная ссылка
Ошибочная ссылка
2 товаров на странице 22
https://deliherb.ru/catalog/tovary-dlya-detej?page=46
https://deliherb.ru/catalog/sostoyaniya-zdorovya?page=42
24 товаров на странице 16
https://deliherb.ru/catalog/sredstva-dlya-vanny-i-gigieny?page=46
Видимо, умер прокси...
Ошибочная ссылка
22 товаров на странице 46
https://deliherb.ru/catalog/krasota?page=18
Ошибочная ссылка
23 товаров на странице 42
https://deliherb.ru/catalog/sport?page=46
https://deliherb.ru/catalog/tovary-dlya-doma?page=23
Ошибочная ссылка
23 товаров на странице 46
Ошибочная ссылка
Ошибочная ссылка
Ошибочная ссылка
Ошибочная ссылка
Ошибочная ссылка
Ошибочная ссылка
Ошибочная ссылка
Ошибочная ссылка
Ошибочная ссылка
15 товаров на странице 18
https://deliherb.ru/catalog/tovary-dlya-detej?page=47
24 товаров на странице 46
Ошибочная ссылка
Ошибочная ссылка
Ошибочная ссылка
Ошибочная ссылка
Ошибочная ссылка
Ошибочная ссылка
Ошибочная ссылка
Ошибочная ссылка
Ошибочная ссылка
Ошибочная ссылка
Ошибочная ссылка
Ошибочная ссылка
Ошибочная ссылка
Ошибочная ссылка
Ошибочная ссылка
Ошибочная ссылка
Ошибочная ссылка
Ошибочная ссылка
Ошибочная ссылка
Ошибочная ссылка
Ошибочная ссылка
Ошибочная ссылка
Ошибочная ссылка
1 товаров на странице 23
https://deliherb.ru/catalog/kollektsii-tovarov?page=17
Ошибочная ссылка
23 товаров на странице 47
https://deliherb.ru/catalog/sostoyaniya-zdorovya?page=43
https://deliherb.ru/catalog/sredstva-dlya-vanny-i-gigieny?page=47
https://deliherb.ru/catalog/sport?page=47
https://deliherb.ru/catalog/tovary-dlya-doma?page=24
Ошибочная ссылка
23 товаров на странице 17
https://deliherb.ru/catalog/krasota?page=19
24 товаров на странице 43
Ошибочная ссылка
23 товаров на странице 47
https://deliherb.ru/catalog/tovary-dlya-detej?page=48
24 товаров на странице 47
Ошибочная ссылка
Ошибочная ссылка
Ошибочная ссылка
Ошибочная ссылка
Ошибочная ссылка
Ошибочная ссылка
Ошибочная ссылка
Ошибочная ссылка
Ошибочная ссылка
Ошибочная ссылка
Ошибочная ссылка
Ошибочная ссылка
Ошибочная ссылка
Ошибочная ссылка
Ошибочная ссылка
Ошибочная ссылка
Ошибочная ссылка
Ошибочная ссылка
Ошибочная ссылка
Ошибочная ссылка
4 товаров на странице 24
Ошибочная ссылка
Ошибочная ссылка
Ошибочная ссылка
Ошибочная ссылка
Ошибочная ссылка
Ошибочная ссылка
Ошибочная ссылка
Ошибочная ссылка
Ошибочная ссылка
15 товаров на странице 19
https://deliherb.ru/catalog/sostoyaniya-zdorovya?page=44
Ошибочная ссылка
23 товаров на странице 48
https://deliherb.ru/catalog/kollektsii-tovarov?page=18
https://deliherb.ru/catalog/sport?page=48
24 товаров на странице 44
https://deliherb.ru/catalog/sredstva-dlya-vanny-i-gigieny?page=48
https://deliherb.ru/catalog/tovary-dlya-doma?page=25
https://deliherb.ru/catalog/tovary-dlya-detej?page=49
https://deliherb.ru/catalog/krasota?page=20
Ошибочная ссылка
23 товаров на странице 18
Ошибочная ссылка
23 товаров на странице 48
Ошибочная ссылка
23 товаров на странице 49
Ошибочная ссылка
Ошибочная ссылка
Ошибочная ссылка
Ошибочная ссылка
Ошибочная ссылка
Ошибочная ссылка
Ошибочная ссылка
Ошибочная ссылка
Ошибочная ссылка
Ошибочная ссылка
Ошибочная ссылка
Ошибочная ссылка
Ошибочная ссылка
Ошибочная ссылка
Ошибочная ссылка
Ошибочная ссылка
Ошибочная ссылка
Ошибочная ссылка
Ошибочная ссылка
Ошибочная ссылка
Ошибочная ссылка
Ошибочная ссылка
2 товаров на странице 25
Ошибочная ссылка
23 товаров на странице 48
Ошибочная ссылка
Ошибочная ссылка
Ошибочная ссылка
21 товаров на странице 20
https://deliherb.ru/catalog/sostoyaniya-zdorovya?page=45
https://deliherb.ru/catalog/tovary-dlya-doma?page=26
https://deliherb.ru/catalog/kollektsii-tovarov?page=19
https://deliherb.ru/catalog/sport?page=49
https://deliherb.ru/catalog/krasota?page=21
24 товаров на странице 45
https://deliherb.ru/catalog/sredstva-dlya-vanny-i-gigieny?page=49
Ошибочная ссылка
Ошибочная ссылка
Ошибочная ссылка
Ошибочная ссылка
Ошибочная ссылка
Ошибочная ссылка
Ошибочная ссылка
Ошибочная ссылка
Ошибочная ссылка
Ошибочная ссылка
Ошибочная ссылка
Ошибочная ссылка
Ошибочная ссылка
Ошибочная ссылка
Ошибочная ссылка
Ошибочная ссылка
Ошибочная ссылка
Ошибочная ссылка
Ошибочная ссылка
Ошибочная ссылка
4 товаров на странице 26
https://deliherb.ru/catalog/tovary-dlya-detej?page=50
Ошибочная ссылка
Ошибочная ссылка
Ошибочная ссылка
Ошибочная ссылка
Ошибочная ссылка
19 товаров на странице 21
24 товаров на странице 19
24 товаров на странице 49
https://deliherb.ru/catalog/sostoyaniya-zdorovya?page=46
24 товаров на странице 49
https://deliherb.ru/catalog/tovary-dlya-doma?page=27
24 товаров на странице 50
https://deliherb.ru/catalog/kollektsii-tovarov?page=20
https://deliherb.ru/catalog/sport?page=50
https://deliherb.ru/catalog/krasota?page=22
24 товаров на странице 46
Ошибочная ссылка
Ошибочная ссылка
Ошибочная ссылка
Ошибочная ссылка
Ошибочная ссылка
Ошибочная ссылка
Ошибочная ссылка
Ошибочная ссылка
Ошибочная ссылка
Ошибочная ссылка
Ошибочная ссылка
Ошибочная ссылка
Ошибочная ссылка
Ошибочная ссылка
Ошибочная ссылка
Ошибочная ссылка
Ошибочная ссылка
Ошибочная ссылка
Ошибочная ссылка
Ошибочная ссылка
Ошибочная ссылка
Ошибочная ссылка
Ошибочная ссылка
Ошибочная ссылка
0 товаров на странице 27
24 товаров на странице 20
https://deliherb.ru/catalog/tovary-dlya-detej?page=51
https://deliherb.ru/catalog/sredstva-dlya-vanny-i-gigieny?page=50
Ошибочная ссылка
Ошибочная ссылка
Ошибочная ссылка
Ошибочная ссылка
Ошибочная ссылка
Ошибочная ссылка
Ошибочная ссылка
Ошибочная ссылка
Ошибочная ссылка
15 товаров на странице 22
24 товаров на странице 50
https://deliherb.ru/catalog/sostoyaniya-zdorovya?page=47
https://deliherb.ru/catalog/kollektsii-tovarov?page=21
Ошибочная ссылка
Ошибочная ссылка
Ошибочная ссылка
21 товаров на странице 51
24 товаров на странице 50
https://deliherb.ru/catalog/krasota?page=23
https://deliherb.ru/catalog/sport?page=51
24 товаров на странице 47
https://deliherb.ru/catalog/tovary-dlya-doma?page=28
24 товаров на странице 21
Ошибочная ссылка
Ошибочная ссылка
Ошибочная ссылка
Ошибочная ссылка
Ошибочная ссылка
Ошибочная ссылка
Ошибочная ссылка
Ошибочная ссылка
Ошибочная ссылка
Ошибочная ссылка
Ошибочная ссылка
13 товаров на странице 23
Ошибочная ссылка
23 товаров на странице 51
https://deliherb.ru/catalog/tovary-dlya-detej?page=52
Ошибочная ссылка
Ошибочная ссылка
Ошибочная ссылка
Ошибочная ссылка
Ошибочная ссылка
Ошибочная ссылка
Ошибочная ссылка
Ошибочная ссылка
Ошибочная ссылка
Ошибочная ссылка
Ошибочная ссылка
Ошибочная ссылка
Ошибочная ссылка
Ошибочная ссылка
Ошибочная ссылка
Ошибочная ссылка
Ошибочная ссылка
Ошибочная ссылка
6 товаров на странице 28
https://deliherb.ru/catalog/sredstva-dlya-vanny-i-gigieny?page=51
https://deliherb.ru/catalog/sostoyaniya-zdorovya?page=48
https://deliherb.ru/catalog/kollektsii-tovarov?page=22
https://deliherb.ru/catalog/sport?page=52
Ошибочная ссылка
23 товаров на странице 52
24 товаров на странице 51
24 товаров на странице 48
Ошибочная ссылка
23 товаров на странице 22
https://deliherb.ru/catalog/krasota?page=24
24 товаров на странице 52
https://deliherb.ru/catalog/tovary-dlya-doma?page=29
https://deliherb.ru/catalog/sredstva-dlya-vanny-i-gigieny?page=52
https://deliherb.ru/catalog/kollektsii-tovarov?page=23
https://deliherb.ru/catalog/sostoyaniya-zdorovya?page=49
https://deliherb.ru/catalog/tovary-dlya-detej?page=53
Ошибочная ссылка
Ошибочная ссылка
Ошибочная ссылка
Ошибочная ссылка
20 товаров на странице 24
Ошибочная ссылка
Ошибочная ссылка
Ошибочная ссылка
Ошибочная ссылка
Ошибочная ссылка
Ошибочная ссылка
Ошибочная ссылка
Ошибочная ссылка
Ошибочная ссылка
Ошибочная ссылка
Ошибочная ссылка
Ошибочная ссылка
Ошибочная ссылка
Ошибочная ссылка
Ошибочная ссылка
Ошибочная ссылка
Ошибочная ссылка
Ошибочная ссылка
Ошибочная ссылка
5 товаров на странице 29
24 товаров на странице 52
https://deliherb.ru/catalog/sport?page=53
24 товаров на странице 49
24 товаров на странице 23
Ошибочная ссылка
Ошибочная ссылка
22 товаров на странице 53
https://deliherb.ru/catalog/tovary-dlya-doma?page=30
24 товаров на странице 53
https://deliherb.ru/catalog/krasota?page=25
https://deliherb.ru/catalog/tovary-dlya-detej?page=54
https://deliherb.ru/catalog/sredstva-dlya-vanny-i-gigieny?page=53
https://deliherb.ru/catalog/sostoyaniya-zdorovya?page=50
Ошибочная ссылка
Ошибочная ссылка
Ошибочная ссылка
Ошибочная ссылка
Ошибочная ссылка
Ошибочная ссылка
Ошибочная ссылка
Ошибочная ссылка
Ошибочная ссылка
Ошибочная ссылка
Ошибочная ссылка
Ошибочная ссылка
Ошибочная ссылка
Ошибочная ссылка
Ошибочная ссылка
Ошибочная ссылка
Ошибочная ссылка
Ошибочная ссылка
Ошибочная ссылка
5 товаров на странице 30
https://deliherb.ru/catalog/sport?page=54
Ошибочная ссылка
Ошибочная ссылка
Ошибочная ссылка
Ошибочная ссылка
Ошибочная ссылка
Ошибочная ссылка
Ошибочная ссылка
Ошибочная ссылка
Ошибочная ссылка
15 товаров на странице 25
24 товаров на странице 50
24 товаров на странице 53
24 товаров на странице 54
https://deliherb.ru/catalog/kollektsii-tovarov?page=24
https://deliherb.ru/catalog/tovary-dlya-doma?page=31
Ошибочная ссылка
23 товаров на странице 54
https://deliherb.ru/catalog/krasota?page=26
https://deliherb.ru/catalog/sostoyaniya-zdorovya?page=51
https://deliherb.ru/catalog/tovary-dlya-detej?page=55
Ошибочная ссылка
Ошибочная ссылка
Ошибочная ссылка
Ошибочная ссылка
Ошибочная ссылка
Ошибочная ссылка
Ошибочная ссылка
Ошибочная ссылка
Ошибочная ссылка
Ошибочная ссылка
Ошибочная ссылка
Ошибочная ссылка
Видимо, умер прокси...
Ошибочная ссылка
Ошибочная ссылка
Ошибочная ссылка
Ошибочная ссылка
7 товаров на странице 31
Ошибочная ссылка
23 товаров на странице 24
https://deliherb.ru/catalog/sredstva-dlya-vanny-i-gigieny?page=54
Ошибочная ссылка
Видимо, умер прокси...
Ошибочная ссылка
Ошибочная ссылка
20 товаров на странице 26
24 товаров на странице 51
https://deliherb.ru/catalog/sport?page=55
Ошибочная ссылка
23 товаров на странице 55
24 товаров на странице 54
https://deliherb.ru/catalog/tovary-dlya-doma?page=32
Ошибочная ссылка
23 товаров на странице 55
https://deliherb.ru/catalog/krasota?page=27
https://deliherb.ru/catalog/kollektsii-tovarov?page=25
https://deliherb.ru/catalog/tovary-dlya-detej?page=56
Ошибочная ссылка
Ошибочная ссылка
Ошибочная ссылка
Ошибочная ссылка
Ошибочная ссылка
Ошибочная ссылка
Ошибочная ссылка
Ошибочная ссылка
Ошибочная ссылка
Ошибочная ссылка
Ошибочная ссылка
Ошибочная ссылка
Ошибочная ссылка
Ошибочная ссылка
Ошибочная ссылка
Ошибочная ссылка
Ошибочная ссылка
7 товаров на странице 32
https://deliherb.ru/catalog/sport?page=56
Ошибочная ссылка
23 товаров на странице 25
Ошибочная ссылка
Ошибочная ссылка
Ошибочная ссылка
Ошибочная ссылка
Ошибочная ссылка
Ошибочная ссылка
Видимо, умер прокси...
Видимо, умер прокси...
Видимо, умер прокси...
15 товаров на странице 27
Ошибочная ссылка
Ошибочная ссылка
22 товаров на странице 56
https://deliherb.ru/catalog/sostoyaniya-zdorovya?page=52
24 товаров на странице 56
https://deliherb.ru/catalog/sredstva-dlya-vanny-i-gigieny?page=55
https://deliherb.ru/catalog/kollektsii-tovarov?page=26
https://deliherb.ru/catalog/tovary-dlya-doma?page=33
https://deliherb.ru/catalog/krasota?page=28
24 товаров на странице 52
https://deliherb.ru/catalog/tovary-dlya-detej?page=57
24 товаров на странице 55
24 товаров на странице 26
https://deliherb.ru/catalog/sport?page=57
Ошибочная ссылка
Ошибочная ссылка
Ошибочная ссылка
Ошибочная ссылка
Ошибочная ссылка
Ошибочная ссылка
Ошибочная ссылка
Ошибочная ссылка
Ошибочная ссылка
Ошибочная ссылка
Ошибочная ссылка
Ошибочная ссылка
Ошибочная ссылка
Ошибочная ссылка
Ошибочная ссылка
Ошибочная ссылка
Ошибочная ссылка
Ошибочная ссылка
Ошибочная ссылка
Ошибочная ссылка
4 товаров на странице 33
Ошибочная ссылка
Ошибочная ссылка
Ошибочная ссылка
Ошибочная ссылка
Ошибочная ссылка
Ошибочная ссылка
Ошибочная ссылка
Ошибочная ссылка
16 товаров на странице 28
24 товаров на странице 57
Ошибочная ссылка
23 товаров на странице 57
https://deliherb.ru/catalog/sostoyaniya-zdorovya?page=53
https://deliherb.ru/catalog/tovary-dlya-detej?page=58
https://deliherb.ru/catalog/kollektsii-tovarov?page=27
https://deliherb.ru/catalog/sredstva-dlya-vanny-i-gigieny?page=56
Ошибочная ссылка
Ошибочная ссылка
22 товаров на странице 58
24 товаров на странице 27
24 товаров на странице 53
https://deliherb.ru/catalog/sport?page=58
24 товаров на странице 56
https://deliherb.ru/catalog/tovary-dlya-doma?page=34
https://deliherb.ru/catalog/krasota?page=29
https://deliherb.ru/catalog/kollektsii-tovarov?page=28
24 товаров на странице 58
Ошибочная ссылка
Ошибочная ссылка
Ошибочная ссылка
Ошибочная ссылка
Ошибочная ссылка
Ошибочная ссылка
Ошибочная ссылка
Ошибочная ссылка
Ошибочная ссылка
Ошибочная ссылка
Ошибочная ссылка
Ошибочная ссылка
Ошибочная ссылка
Ошибочная ссылка
Ошибочная ссылка
Ошибочная ссылка
8 товаров на странице 34
Ошибочная ссылка
Ошибочная ссылка
Ошибочная ссылка
Ошибочная ссылка
Ошибочная ссылка
Ошибочная ссылка
Ошибочная ссылка
Ошибочная ссылка
Ошибочная ссылка
15 товаров на странице 29
https://deliherb.ru/catalog/sostoyaniya-zdorovya?page=54
https://deliherb.ru/catalog/tovary-dlya-detej?page=59
Ошибочная ссылка
Видимо, умер прокси...
22 товаров на странице 28
https://deliherb.ru/catalog/tovary-dlya-doma?page=35
24 товаров на странице 54
https://deliherb.ru/catalog/sredstva-dlya-vanny-i-gigieny?page=57
https://deliherb.ru/catalog/kollektsii-tovarov?page=29
Видимо, умер прокси...
23 товаров на странице 59
https://deliherb.ru/catalog/sport?page=59
Ошибочная ссылка
Ошибочная ссылка
Ошибочная ссылка
Ошибочная ссылка
Ошибочная ссылка
Ошибочная ссылка
Ошибочная ссылка
Ошибочная ссылка
Ошибочная ссылка
Ошибочная ссылка
Ошибочная ссылка
Ошибочная ссылка
Ошибочная ссылка
Ошибочная ссылка
Ошибочная ссылка
Ошибочная ссылка
Ошибочная ссылка
Ошибочная ссылка
Ошибочная ссылка
Ошибочная ссылка
Ошибочная ссылка
Ошибочная ссылка
Ошибочная ссылка
1 товаров на странице 35
Ошибочная ссылка
23 товаров на странице 57
24 товаров на странице 29
24 товаров на странице 59
https://deliherb.ru/catalog/krasota?page=30
https://deliherb.ru/catalog/sostoyaniya-zdorovya?page=55
https://deliherb.ru/catalog/sredstva-dlya-vanny-i-gigieny?page=58
https://deliherb.ru/catalog/tovary-dlya-doma?page=36
https://deliherb.ru/catalog/sport?page=60
https://deliherb.ru/catalog/tovary-dlya-detej?page=60
Ошибочная ссылка
Ошибочная ссылка
Ошибочная ссылка
Ошибочная ссылка
Ошибочная ссылка
Ошибочная ссылка
Видимо, умер прокси...
Ошибочная ссылка
Видимо, умер прокси...
Ошибочная ссылка
14 товаров на странице 30
Ошибочная ссылка
23 товаров на странице 55
24 товаров на странице 58
Ошибочная ссылка
23 товаров на странице 60
Ошибочная ссылка
Ошибочная ссылка
Ошибочная ссылка
Ошибочная ссылка
Ошибочная ссылка
Ошибочная ссылка
Ошибочная ссылка
Ошибочная ссылка
Ошибочная ссылка
Ошибочная ссылка
Ошибочная ссылка
Ошибочная ссылка
Ошибочная ссылка
Ошибочная ссылка
Ошибочная ссылка
Ошибочная ссылка
Ошибочная ссылка
Ошибочная ссылка
Ошибочная ссылка
Ошибочная ссылка
4 товаров на странице 36
24 товаров на странице 60
https://deliherb.ru/catalog/kollektsii-tovarov?page=30
https://deliherb.ru/catalog/sredstva-dlya-vanny-i-gigieny?page=59
https://deliherb.ru/catalog/sostoyaniya-zdorovya?page=56
https://deliherb.ru/catalog/krasota?page=31
https://deliherb.ru/catalog/sport?page=61
https://deliherb.ru/catalog/tovary-dlya-detej?page=61
24 товаров на странице 30
https://deliherb.ru/catalog/tovary-dlya-doma?page=37
24 товаров на странице 59
24 товаров на странице 56
Ошибочная ссылка
Ошибочная ссылка
Ошибочная ссылка
Ошибочная ссылка
Ошибочная ссылка
Ошибочная ссылка
Ошибочная ссылка
17 товаров на странице 31
24 товаров на странице 61
Ошибочная ссылка
23 товаров на странице 61
Ошибочная ссылка
Ошибочная ссылка
Ошибочная ссылка
Ошибочная ссылка
Ошибочная ссылка
Ошибочная ссылка
Ошибочная ссылка
Ошибочная ссылка
Ошибочная ссылка
Ошибочная ссылка
Ошибочная ссылка
Ошибочная ссылка
Ошибочная ссылка
Ошибочная ссылка
Ошибочная ссылка
9 товаров на странице 37
https://deliherb.ru/catalog/sredstva-dlya-vanny-i-gigieny?page=60
https://deliherb.ru/catalog/sostoyaniya-zdorovya?page=57
https://deliherb.ru/catalog/tovary-dlya-detej?page=62
https://deliherb.ru/catalog/krasota?page=32
https://deliherb.ru/catalog/kollektsii-tovarov?page=31
Ошибочная ссылка
23 товаров на странице 60
https://deliherb.ru/catalog/sport?page=62
24 товаров на странице 57
https://deliherb.ru/catalog/tovary-dlya-doma?page=38
Ошибочная ссылка
Ошибочная ссылка
Ошибочная ссылка
Ошибочная ссылка
Ошибочная ссылка
Ошибочная ссылка
Ошибочная ссылка
17 товаров на странице 32
Видимо, умер прокси...
23 товаров на странице 62
Ошибочная ссылка
Ошибочная ссылка
Ошибочная ссылка
Ошибочная ссылка
Ошибочная ссылка
Ошибочная ссылка
Ошибочная ссылка
Ошибочная ссылка
Ошибочная ссылка
15 товаров на странице 31
Ошибочная ссылка
Ошибочная ссылка
Ошибочная ссылка
Ошибочная ссылка
Ошибочная ссылка
Ошибочная ссылка
Ошибочная ссылка
Ошибочная ссылка
Ошибочная ссылка
15 товаров на странице 62
Ошибочная ссылка
Ошибочная ссылка
Ошибочная ссылка
Ошибочная ссылка
Ошибочная ссылка
Ошибочная ссылка
Ошибочная ссылка
Ошибочная ссылка
Ошибочная ссылка
Ошибочная ссылка
Ошибочная ссылка
Ошибочная ссылка
Ошибочная ссылка
Ошибочная ссылка
Ошибочная ссылка
Ошибочная ссылка
Ошибочная ссылка
Ошибочная ссылка
Ошибочная ссылка
Ошибочная ссылка
Ошибочная ссылка
3 товаров на странице 38
https://deliherb.ru/catalog/krasota?page=33
https://deliherb.ru/catalog/sostoyaniya-zdorovya?page=58
https://deliherb.ru/catalog/tovary-dlya-detej?page=63
https://deliherb.ru/catalog/kollektsii-tovarov?page=32
https://deliherb.ru/catalog/sredstva-dlya-vanny-i-gigieny?page=61
https://deliherb.ru/catalog/tovary-dlya-doma?page=39
Ошибочная ссылка
Ошибочная ссылка
Ошибочная ссылка
Ошибочная ссылка
Ошибочная ссылка
Ошибочная ссылка
Ошибочная ссылка
17 товаров на странице 33
Ошибочная ссылка
23 товаров на странице 58
Ошибочная ссылка
23 товаров на странице 63
Ошибочная ссылка
Ошибочная ссылка
Ошибочная ссылка
Ошибочная ссылка
Ошибочная ссылка
Видимо, умер прокси...
Ошибочная ссылка
Ошибочная ссылка
Ошибочная ссылка
Ошибочная ссылка
Ошибочная ссылка
Ошибочная ссылка
Ошибочная ссылка
Ошибочная ссылка
10 товаров на странице 39
Ошибочная ссылка
23 товаров на странице 32
Ошибочная ссылка
23 товаров на странице 61
https://deliherb.ru/catalog/sport?page=63
https://deliherb.ru/catalog/krasota?page=34
24 товаров на странице 63
Ошибочная ссылка
Ошибочная ссылка
Ошибочная ссылка
Ошибочная ссылка
Ошибочная ссылка
Видимо, умер прокси...
Ошибочная ссылка
Ошибочная ссылка
16 товаров на странице 34
https://deliherb.ru/catalog/sostoyaniya-zdorovya?page=59
https://deliherb.ru/catalog/kollektsii-tovarov?page=33
https://deliherb.ru/catalog/tovary-dlya-doma?page=40
https://deliherb.ru/catalog/krasota?page=35
https://deliherb.ru/catalog/sredstva-dlya-vanny-i-gigieny?page=62
Ошибочная ссылка
23 товаров на странице 59
https://deliherb.ru/catalog/tovary-dlya-detej?page=64
24 товаров на странице 33
https://deliherb.ru/catalog/sport?page=64
Ошибочная ссылка
Ошибочная ссылка
Ошибочная ссылка
Ошибочная ссылка
Ошибочная ссылка
Ошибочная ссылка
Ошибочная ссылка
Ошибочная ссылка
Ошибочная ссылка
Ошибочная ссылка
Ошибочная ссылка
Ошибочная ссылка
Ошибочная ссылка
Ошибочная ссылка
10 товаров на странице 40
Ошибочная ссылка
Ошибочная ссылка
22 товаров на странице 35
24 товаров на странице 62
Видимо, умер прокси...
Ошибочная ссылка
22 товаров на странице 64
24 товаров на странице 64
https://deliherb.ru/catalog/tovary-dlya-doma?page=41
https://deliherb.ru/catalog/kollektsii-tovarov?page=34
https://deliherb.ru/catalog/sostoyaniya-zdorovya?page=60
https://deliherb.ru/catalog/tovary-dlya-detej?page=65
https://deliherb.ru/catalog/sredstva-dlya-vanny-i-gigieny?page=63
https://deliherb.ru/catalog/krasota?page=36
Ошибочная ссылка
Ошибочная ссылка
Ошибочная ссылка
Ошибочная ссылка
Ошибочная ссылка
Ошибочная ссылка
Ошибочная ссылка
Ошибочная ссылка
Ошибочная ссылка
Ошибочная ссылка
Ошибочная ссылка
Ошибочная ссылка
Ошибочная ссылка
Ошибочная ссылка
Ошибочная ссылка
9 товаров на странице 41
Ошибочная ссылка
23 товаров на странице 34
24 товаров на странице 60
Ошибочная ссылка
23 товаров на странице 63
Ошибочная ссылка
Ошибочная ссылка
Ошибочная ссылка
21 товаров на странице 65
https://deliherb.ru/catalog/sport?page=65
Ошибочная ссылка
Ошибочная ссылка
Ошибочная ссылка
Ошибочная ссылка
Ошибочная ссылка
19 товаров на странице 36
https://deliherb.ru/catalog/tovary-dlya-detej?page=66
https://deliherb.ru/catalog/tovary-dlya-doma?page=42
https://deliherb.ru/catalog/kollektsii-tovarov?page=35
24 товаров на странице 65
https://deliherb.ru/catalog/krasota?page=37
https://deliherb.ru/catalog/sostoyaniya-zdorovya?page=61
https://deliherb.ru/catalog/sredstva-dlya-vanny-i-gigieny?page=64
24 товаров на странице 66
Ошибочная ссылка
Ошибочная ссылка
Ошибочная ссылка
Ошибочная ссылка
Ошибочная ссылка
Ошибочная ссылка
Ошибочная ссылка
Ошибочная ссылка
Ошибочная ссылка
Ошибочная ссылка
Ошибочная ссылка
Ошибочная ссылка
Ошибочная ссылка
Ошибочная ссылка
10 товаров на странице 42
https://deliherb.ru/catalog/sport?page=66
Ошибочная ссылка
Ошибочная ссылка
Ошибочная ссылка
Ошибочная ссылка
Ошибочная ссылка
Ошибочная ссылка
18 товаров на странице 37
24 товаров на странице 35
24 товаров на странице 61
Ошибочная ссылка
Ошибочная ссылка
22 товаров на странице 64
Ошибочная ссылка
23 товаров на странице 66
https://deliherb.ru/catalog/sredstva-dlya-vanny-i-gigieny?page=65
https://deliherb.ru/catalog/tovary-dlya-doma?page=43
https://deliherb.ru/catalog/sostoyaniya-zdorovya?page=62
https://deliherb.ru/catalog/krasota?page=38
https://deliherb.ru/catalog/kollektsii-tovarov?page=36
https://deliherb.ru/catalog/tovary-dlya-detej?page=67
Ошибочная ссылка
Ошибочная ссылка
Ошибочная ссылка
Ошибочная ссылка
Ошибочная ссылка
Ошибочная ссылка
Ошибочная ссылка
Ошибочная ссылка
Видимо, умер прокси...
Ошибочная ссылка
Ошибочная ссылка
Ошибочная ссылка
Ошибочная ссылка
11 товаров на странице 43
Ошибочная ссылка
Ошибочная ссылка
Ошибочная ссылка
Ошибочная ссылка
Ошибочная ссылка
19 товаров на странице 38
24 товаров на странице 62
24 товаров на странице 65
https://deliherb.ru/catalog/sport?page=67
24 товаров на странице 36
Ошибочная ссылка
23 товаров на странице 67
https://deliherb.ru/catalog/kollektsii-tovarov?page=37
24 товаров на странице 67
https://deliherb.ru/catalog/tovary-dlya-detej?page=68
https://deliherb.ru/catalog/krasota?page=39
https://deliherb.ru/catalog/sostoyaniya-zdorovya?page=63
https://deliherb.ru/catalog/sredstva-dlya-vanny-i-gigieny?page=66
Ошибочная ссылка
23 товаров на странице 37
Ошибочная ссылка
Ошибочная ссылка
22 товаров на странице 68
24 товаров на странице 63
https://deliherb.ru/catalog/tovary-dlya-doma?page=44
Ошибочная ссылка
Ошибочная ссылка
Ошибочная ссылка
Ошибочная ссылка
Ошибочная ссылка
Ошибочная ссылка
Ошибочная ссылка
17 товаров на странице 39
24 товаров на странице 66
https://deliherb.ru/catalog/kollektsii-tovarov?page=38
https://deliherb.ru/catalog/sport?page=68
https://deliherb.ru/catalog/tovary-dlya-detej?page=69
Ошибочная ссылка
Ошибочная ссылка
Ошибочная ссылка
Ошибочная ссылка
Ошибочная ссылка
Ошибочная ссылка
Ошибочная ссылка
Ошибочная ссылка
Ошибочная ссылка
Ошибочная ссылка
Ошибочная ссылка
Ошибочная ссылка
Ошибочная ссылка
Ошибочная ссылка
10 товаров на странице 44
https://deliherb.ru/catalog/sredstva-dlya-vanny-i-gigieny?page=67
24 товаров на странице 38
https://deliherb.ru/catalog/sostoyaniya-zdorovya?page=64
Ошибочная ссылка
23 товаров на странице 68
https://deliherb.ru/catalog/tovary-dlya-doma?page=45
24 товаров на странице 69
https://deliherb.ru/catalog/krasota?page=40
24 товаров на странице 67
Ошибочная ссылка
Ошибочная ссылка
22 товаров на странице 64
https://deliherb.ru/catalog/sport?page=69
Ошибочная ссылка
Ошибочная ссылка
Ошибочная ссылка
Ошибочная ссылка
Ошибочная ссылка
Ошибочная ссылка
Ошибочная ссылка
Ошибочная ссылка
Ошибочная ссылка
15 товаров на странице 40
Ошибочная ссылка
Ошибочная ссылка
Ошибочная ссылка
Ошибочная ссылка
Ошибочная ссылка
Ошибочная ссылка
Ошибочная ссылка
Ошибочная ссылка
Ошибочная ссылка
Ошибочная ссылка
Ошибочная ссылка
Ошибочная ссылка
Ошибочная ссылка
Ошибочная ссылка
Ошибочная ссылка
Ошибочная ссылка
Ошибочная ссылка
Ошибочная ссылка
6 товаров на странице 45
https://deliherb.ru/catalog/kollektsii-tovarov?page=39
Ошибочная ссылка
Ошибочная ссылка
Ошибочная ссылка
Ошибочная ссылка
20 товаров на странице 69
https://deliherb.ru/catalog/tovary-dlya-doma?page=46
https://deliherb.ru/catalog/krasota?page=41
https://deliherb.ru/catalog/tovary-dlya-detej?page=70
Ошибочная ссылка
23 товаров на странице 39
https://deliherb.ru/catalog/sostoyaniya-zdorovya?page=65
https://deliherb.ru/catalog/sredstva-dlya-vanny-i-gigieny?page=68
https://deliherb.ru/catalog/sport?page=70
Ошибочная ссылка
Ошибочная ссылка
Ошибочная ссылка
Видимо, умер прокси...
Ошибочная ссылка
Ошибочная ссылка
Ошибочная ссылка
Ошибочная ссылка
Видимо, умер прокси...
Ошибочная ссылка
Ошибочная ссылка
Ошибочная ссылка
Ошибочная ссылка
Ошибочная ссылка
Ошибочная ссылка
Видимо, умер прокси...
Ошибочная ссылка
Ошибочная ссылка
Ошибочная ссылка
Ошибочная ссылка
Видимо, умер прокси...
3 товаров на странице 46
Ошибочная ссылка
Ошибочная ссылка
Ошибочная ссылка
21 товаров на странице 41
24 товаров на странице 70
Ошибочная ссылка
23 товаров на странице 65
24 товаров на странице 68
Ошибочная ссылка
23 товаров на странице 70
https://deliherb.ru/catalog/kollektsii-tovarov?page=40
https://deliherb.ru/catalog/sostoyaniya-zdorovya?page=66
https://deliherb.ru/catalog/sredstva-dlya-vanny-i-gigieny?page=69
https://deliherb.ru/catalog/tovary-dlya-doma?page=47
Больше нет страниц по ссылке https://deliherb.ru/catalog/tovary-dlya-doma
https://deliherb.ru/catalog/sport?page=71
https://deliherb.ru/catalog/tovary-dlya-detej?page=71
24 товаров на странице 40
24 товаров на странице 66
Ошибочная ссылка
23 товаров на странице 69
https://deliherb.ru/catalog/krasota?page=42
Больше нет страниц по ссылке https://deliherb.ru/catalog/krasota
Ошибочная ссылка
23 товаров на странице 71
https://deliherb.ru/catalog/kollektsii-tovarov?page=41
24 товаров на странице 71
24 товаров на странице 41
https://deliherb.ru/catalog/sostoyaniya-zdorovya?page=67
https://deliherb.ru/catalog/sredstva-dlya-vanny-i-gigieny?page=70
https://deliherb.ru/catalog/sport?page=72
24 товаров на странице 67
https://deliherb.ru/catalog/kollektsii-tovarov?page=42
24 товаров на странице 70
https://deliherb.ru/catalog/tovary-dlya-detej?page=72
https://deliherb.ru/catalog/sostoyaniya-zdorovya?page=68
24 товаров на странице 72
24 товаров на странице 42
Ошибочная ссылка
Ошибочная ссылка
22 товаров на странице 72
https://deliherb.ru/catalog/kollektsii-tovarov?page=43
Ошибочная ссылка
23 товаров на странице 68
https://deliherb.ru/catalog/sredstva-dlya-vanny-i-gigieny?page=71
https://deliherb.ru/catalog/sport?page=73
Ошибочная ссылка
Ошибочная ссылка
Ошибочная ссылка
21 товаров на странице 43
https://deliherb.ru/catalog/tovary-dlya-detej?page=73
Ошибочная ссылка
23 товаров на странице 71
24 товаров на странице 73
https://deliherb.ru/catalog/sostoyaniya-zdorovya?page=69
https://deliherb.ru/catalog/kollektsii-tovarov?page=44
Ошибочная ссылка
23 товаров на странице 73
https://deliherb.ru/catalog/sport?page=74
24 товаров на странице 69
Ошибочная ссылка
Ошибочная ссылка
22 товаров на странице 44
Ошибочная ссылка
Ошибочная ссылка
22 товаров на странице 74
https://deliherb.ru/catalog/tovary-dlya-detej?page=74
https://deliherb.ru/catalog/sredstva-dlya-vanny-i-gigieny?page=72
https://deliherb.ru/catalog/sport?page=75
https://deliherb.ru/catalog/kollektsii-tovarov?page=45
https://deliherb.ru/catalog/sostoyaniya-zdorovya?page=70
Ошибочная ссылка
Ошибочная ссылка
22 товаров на странице 74
Ошибочная ссылка
23 товаров на странице 72
24 товаров на странице 75
24 товаров на странице 70
Ошибочная ссылка
Ошибочная ссылка
22 товаров на странице 45
https://deliherb.ru/catalog/sredstva-dlya-vanny-i-gigieny?page=73
https://deliherb.ru/catalog/tovary-dlya-detej?page=75
https://deliherb.ru/catalog/sport?page=76
Ошибочная ссылка
Ошибочная ссылка
22 товаров на странице 73
24 товаров на странице 75
https://deliherb.ru/catalog/kollektsii-tovarov?page=46
Ошибочная ссылка
23 товаров на странице 76
https://deliherb.ru/catalog/sostoyaniya-zdorovya?page=71
https://deliherb.ru/catalog/sredstva-dlya-vanny-i-gigieny?page=74
https://deliherb.ru/catalog/tovary-dlya-detej?page=76
Ошибочная ссылка
23 товаров на странице 46
24 товаров на странице 71
24 товаров на странице 74
Ошибочная ссылка
Видимо, умер прокси...
22 товаров на странице 76
https://deliherb.ru/catalog/sport?page=77
https://deliherb.ru/catalog/sostoyaniya-zdorovya?page=72
Ошибочная ссылка
23 товаров на странице 77
https://deliherb.ru/catalog/kollektsii-tovarov?page=47
https://deliherb.ru/catalog/sredstva-dlya-vanny-i-gigieny?page=75
Больше нет страниц по ссылке https://deliherb.ru/catalog/sredstva-dlya-vanny-i-gigieny
https://deliherb.ru/catalog/tovary-dlya-detej?page=77
24 товаров на странице 72
Ошибочная ссылка
23 товаров на странице 47
Видимо, умер прокси...
23 товаров на странице 77
https://deliherb.ru/catalog/kollektsii-tovarov?page=48
https://deliherb.ru/catalog/sport?page=78
24 товаров на странице 48
https://deliherb.ru/catalog/sostoyaniya-zdorovya?page=73
24 товаров на странице 78
https://deliherb.ru/catalog/tovary-dlya-detej?page=78
24 товаров на странице 73
https://deliherb.ru/catalog/sport?page=79
Ошибочная ссылка
Видимо, умер прокси...
Ошибочная ссылка
21 товаров на странице 78
https://deliherb.ru/catalog/kollektsii-tovarov?page=49
Ошибочная ссылка
23 товаров на странице 79
https://deliherb.ru/catalog/sostoyaniya-zdorovya?page=74
Ошибочная ссылка
23 товаров на странице 49
https://deliherb.ru/catalog/tovary-dlya-detej?page=79
https://deliherb.ru/catalog/sport?page=80
24 товаров на странице 74
https://deliherb.ru/catalog/kollektsii-tovarov?page=50
24 товаров на странице 79
24 товаров на странице 80
Ошибочная ссылка
23 товаров на странице 50
https://deliherb.ru/catalog/sostoyaniya-zdorovya?page=75
https://deliherb.ru/catalog/sport?page=81
https://deliherb.ru/catalog/kollektsii-tovarov?page=51
https://deliherb.ru/catalog/tovary-dlya-detej?page=80
24 товаров на странице 75
Видимо, умер прокси...
23 товаров на странице 81
24 товаров на странице 51
Видимо, умер прокси...
Ошибочная ссылка
Ошибочная ссылка
21 товаров на странице 80
https://deliherb.ru/catalog/sostoyaniya-zdorovya?page=76
https://deliherb.ru/catalog/tovary-dlya-detej?page=81
https://deliherb.ru/catalog/sport?page=82
https://deliherb.ru/catalog/kollektsii-tovarov?page=52
24 товаров на странице 76
Ошибочная ссылка
Ошибочная ссылка
22 товаров на странице 81
24 товаров на странице 82
24 товаров на странице 52
https://deliherb.ru/catalog/tovary-dlya-detej?page=82
https://deliherb.ru/catalog/sport?page=83
24 товаров на странице 82
24 товаров на странице 83
https://deliherb.ru/catalog/sostoyaniya-zdorovya?page=77
https://deliherb.ru/catalog/kollektsii-tovarov?page=53
https://deliherb.ru/catalog/sport?page=84
Ошибочная ссылка
23 товаров на странице 77
https://deliherb.ru/catalog/tovary-dlya-detej?page=83
Ошибочная ссылка
Ошибочная ссылка
22 товаров на странице 53
24 товаров на странице 84
Видимо, умер прокси...
23 товаров на странице 83
https://deliherb.ru/catalog/kollektsii-tovarov?page=54
Больше нет страниц по ссылке https://deliherb.ru/catalog/kollektsii-tovarov
https://deliherb.ru/catalog/sport?page=85
https://deliherb.ru/catalog/sostoyaniya-zdorovya?page=78
24 товаров на странице 85
https://deliherb.ru/catalog/tovary-dlya-detej?page=84
Ошибочная ссылка
Ошибочная ссылка
Ошибочная ссылка
21 товаров на странице 78
https://deliherb.ru/catalog/sport?page=86
24 товаров на странице 84
24 товаров на странице 86
https://deliherb.ru/catalog/sostoyaniya-zdorovya?page=79
https://deliherb.ru/catalog/tovary-dlya-detej?page=85
https://deliherb.ru/catalog/sport?page=87
Прокси умер {'https': 'http://user125167:klw48b@45.128.131.72:2855'}
Ошибочная ссылка
Ошибочная ссылка
Ошибочная ссылка
21 товаров на странице 79
Ошибочная ссылка
Ошибочная ссылка
Видимо, умер прокси...
Ошибочная ссылка
20 товаров на странице 85
Ошибочная ссылка
23 товаров на странице 87
https://deliherb.ru/catalog/tovary-dlya-detej?page=86
https://deliherb.ru/catalog/sport?page=88
Прокси умер {'https': 'http://user125167:klw48b@45.88.208.43:3485'}
Прокси умер {'https': 'http://user125167:klw48b@45.88.208.43:3485'}
https://deliherb.ru/catalog/sostoyaniya-zdorovya?page=80
Ошибочная ссылка
23 товаров на странице 86
24 товаров на странице 88
https://deliherb.ru/catalog/tovary-dlya-detej?page=87
Ошибочная ссылка
23 товаров на странице 80
24 товаров на странице 87
https://deliherb.ru/catalog/sport?page=89
https://deliherb.ru/catalog/tovary-dlya-detej?page=88
Ошибочная ссылка
Ошибочная ссылка
Ошибочная ссылка
Ошибочная ссылка
20 товаров на странице 89
https://deliherb.ru/catalog/sostoyaniya-zdorovya?page=81
Ошибочная ссылка
Ошибочная ссылка
Ошибочная ссылка
Ошибочная ссылка
Ошибочная ссылка
Ошибочная ссылка
Ошибочная ссылка
Ошибочная ссылка
Ошибочная ссылка
Ошибочная ссылка
Ошибочная ссылка
Ошибочная ссылка
12 товаров на странице 88
https://deliherb.ru/catalog/sport?page=90
Ошибочная ссылка
23 товаров на странице 81
24 товаров на странице 90
https://deliherb.ru/catalog/tovary-dlya-detej?page=89
https://deliherb.ru/catalog/sport?page=91
Видимо, умер прокси...
Ошибочная ссылка
Видимо, умер прокси...
21 товаров на странице 89
24 товаров на странице 91
https://deliherb.ru/catalog/sostoyaniya-zdorovya?page=82
Ошибочная ссылка
23 товаров на странице 82
https://deliherb.ru/catalog/sport?page=92
https://deliherb.ru/catalog/sostoyaniya-zdorovya?page=83
Ошибочная ссылка
Ошибочная ссылка
Ошибочная ссылка
Ошибочная ссылка
Ошибочная ссылка
Ошибочная ссылка
Ошибочная ссылка
17 товаров на странице 92
Ошибочная ссылка
Ошибочная ссылка
Ошибочная ссылка
Ошибочная ссылка
Ошибочная ссылка
Ошибочная ссылка
Ошибочная ссылка
17 товаров на странице 83
https://deliherb.ru/catalog/sostoyaniya-zdorovya?page=84
24 товаров на странице 84
https://deliherb.ru/catalog/tovary-dlya-detej?page=90
Больше нет страниц по ссылке https://deliherb.ru/catalog/tovary-dlya-detej
https://deliherb.ru/catalog/sport?page=93
Больше нет страниц по ссылке https://deliherb.ru/catalog/sport
https://deliherb.ru/catalog/sostoyaniya-zdorovya?page=85
Больше нет страниц по ссылке https://deliherb.ru/catalog/sostoyaniya-zdorovya
Начало парсера 2024-05-31 08:11:58.443723
Начало парсера 2024-05-31 08:51:34.684100
Начало парсера 2024-05-31 08:55:00.074848
Начало парсера 2024-05-31 09:01:35.133216
Начало парсера 2024-05-31 09:11:12.782634
Начало парсера 2024-05-31 09:28:33.711258
Прокси умер {'https': 'http://user125167:klw48b@45.88.208.43:3485'}
Прокси умер {'https': 'http://user125167:klw48b@185.21.140.123:2855'}
Прокси умер {'https': 'http://user125167:klw48b@45.128.131.173:3485'}
Прокси умер {'https': 'http://user125167:klw48b@45.90.47.20:2855'}
Прокси умер {'https': 'http://user125167:klw48b@195.225.96.170:2855'}
Прокси умер {'https': 'http://user125167:klw48b@45.128.131.173:3485'}
Прокси умер {'https': 'http://user125167:klw48b@45.90.47.20:2855'}
Прокси умер {'https': 'http://user125167:klw48b@45.88.208.43:3485'}
Прокси умер {'https': 'http://user125167:klw48b@45.128.131.72:2855'}
https://deliherb.ru/catalog/pischevye-dobavki?page=1
Прокси умер {'https': 'http://user125167:klw48b@185.21.140.123:2855'}
https://deliherb.ru/catalog/tovary-dlya-detej?page=1
Прокси умер {'https': 'http://user125167:klw48b@45.90.47.20:2855'}
https://deliherb.ru/catalog/travy-i-naturalnye-sredstva?page=1
Прокси умер {'https': 'http://user125167:klw48b@45.88.208.43:3485'}
https://deliherb.ru/catalog/sostoyaniya-zdorovya?page=1
Прокси умер {'https': 'http://user125167:klw48b@45.88.208.168:2855'}
https://deliherb.ru/catalog/sredstva-dlya-vanny-i-gigieny?page=1
Прокси умер {'https': 'http://user125167:klw48b@185.21.140.123:2855'}
https://deliherb.ru/catalog/sport?page=1
Прокси умер {'https': 'http://user125167:klw48b@45.88.208.168:2855'}
https://deliherb.ru/catalog/zootovary?page=1
Прокси умер {'https': 'http://user125167:klw48b@45.88.208.168:2855'}
https://deliherb.ru/catalog/produkty-pitaniya?page=1
Прокси умер {'https': 'http://user125167:klw48b@185.21.140.123:2855'}
Прокси умер {'https': 'http://user125167:klw48b@45.88.208.168:2855'}
Прокси умер {'https': 'http://user125167:klw48b@195.225.96.170:2855'}
Прокси умер {'https': 'http://user125167:klw48b@45.86.3.161:2855'}
Прокси умер {'https': 'http://user125167:klw48b@45.86.3.161:2855'}
Прокси умер {'https': 'http://user125167:klw48b@45.88.208.168:2855'}
Прокси умер {'https': 'http://user125167:klw48b@45.86.3.161:2855'}
https://deliherb.ru/catalog/tovary-dlya-doma?page=1
Прокси умер {'https': 'http://user125167:klw48b@45.86.3.161:2855'}
https://deliherb.ru/catalog/sredstva-lichnoj-gigieny-2?page=1
Прокси умер {'https': 'http://user125167:klw48b@45.128.131.72:2855'}
https://deliherb.ru/catalog/travy-2?page=1
Прокси умер {'https': 'http://user125167:klw48b@45.88.208.168:2855'}
https://deliherb.ru/catalog/naturalnye-sredstva-2?page=1
Прокси умер {'https': 'http://user125167:klw48b@45.128.131.72:2855'}
https://deliherb.ru/catalog/krasota?page=1
Прокси умер {'https': 'http://user125167:klw48b@195.225.96.170:2855'}
https://deliherb.ru/catalog/kollektsii-tovarov?page=1
